DEB [20160620-19:21:50.081] thr=1   paramiko.transport: starting thread (client mode): 0x113ed50L
DEB [20160620-19:21:50.082] thr=1   paramiko.transport: Local version/idstring: SSH-2.0-paramiko_2.0.0
DEB [20160620-19:21:50.117] thr=1   paramiko.transport: Remote version/idstring: SSH-2.0-OpenSSH_4.3
INF [20160620-19:21:50.117] thr=1   paramiko.transport: Connected (version 2.0, client OpenSSH_4.3)
DEB [20160620-19:21:50.136] thr=1   paramiko.transport: kex algos:[u'diffie-hellman-group-exchange-sha1', u'diffie-hellman-group14-sha1', u'diffie-hellman-group1-sha1'] server key:[u'ssh-rsa', u'ssh-dss'] client encrypt:[u'aes128-ctr', u'aes192-ctr', u'aes256-ctr', u'arcfour256', u'arcfour128', u'aes128-cbc', u'3des-cbc', u'blowfish-cbc', u'cast128-cbc', u'aes192-cbc', u'aes256-cbc', u'arcfour', u'rijndael-cbc@lysator.liu.se'] server encrypt:[u'aes128-ctr', u'aes192-ctr', u'aes256-ctr', u'arcfour256', u'arcfour128', u'aes128-cbc', u'3des-cbc', u'blowfish-cbc', u'cast128-cbc', u'aes192-cbc', u'aes256-cbc', u'arcfour', u'rijndael-cbc@lysator.liu.se'] client mac:[u'hmac-md5', u'hmac-sha1', u'hmac-ripemd160', u'hmac-ripemd160@openssh.com', u'hmac-sha1-96', u'hmac-md5-96'] server mac:[u'hmac-md5', u'hmac-sha1', u'hmac-ripemd160', u'hmac-ripemd160@openssh.com', u'hmac-sha1-96', u'hmac-md5-96'] client compress:[u'none', u'zlib@openssh.com'] server compress:[u'none', u'zlib@openssh.com'] client lang:[u''] server lang:[u''] kex follows?False
DEB [20160620-19:21:50.136] thr=1   paramiko.transport: Kex agreed: diffie-hellman-group1-sha1
DEB [20160620-19:21:50.137] thr=1   paramiko.transport: Cipher agreed: aes128-ctr
DEB [20160620-19:21:50.137] thr=1   paramiko.transport: MAC agreed: hmac-md5
DEB [20160620-19:21:50.137] thr=1   paramiko.transport: Compression agreed: none
DEB [20160620-19:21:50.289] thr=1   paramiko.transport: kex engine KexGroup1 specified hash_algo <built-in function openssl_sha1>
DEB [20160620-19:21:50.291] thr=1   paramiko.transport: Switch to new keys ...
DEB [20160620-19:21:50.292] thr=2   paramiko.transport: Attempting public-key auth...
DEB [20160620-19:21:50.370] thr=1   paramiko.transport: userauth is OK
INF [20160620-19:21:50.415] thr=1   paramiko.transport: Authentication (publickey) successful!
DEB [20160620-19:21:50.425] thr=2   paramiko.transport: [chan 0] Max packet in: 32768 bytes
DEB [20160620-19:21:50.491] thr=1   paramiko.transport: [chan 0] Max packet out: 32768 bytes
DEB [20160620-19:21:50.491] thr=1   paramiko.transport: Secsh channel 0 opened.
DEB [20160620-19:21:50.550] thr=1   paramiko.transport: [chan 0] Sesch channel 0 request ok
INF [20160620-19:21:50.578] thr=2   paramiko.transport.sftp: [chan 0] Opened sftp connection (server version 3)
DEB [20160620-19:21:50.579] thr=2   paramiko.transport.sftp: [chan 0] open('/tmp/hos', 'wb')
DEB [20160620-19:21:50.599] thr=2   paramiko.transport.sftp: [chan 0] open('/tmp/hos', 'wb') -> 00000000
DEB [20160620-19:21:50.600] thr=2   paramiko.transport.sftp: [chan 0] close(00000000)
DEB [20160620-19:21:50.639] thr=2   paramiko.transport.sftp: [chan 0] stat('/tmp/hos')
DEB [20160620-19:21:50.760] thr=1   paramiko.transport: EOF in transport thread
